2024-06-01T08:00:00  chore: routine maintenance
2024-06-30T15:17:07  docs: clarify usage notes
2024-07-29T10:34:14  test: add edge case
2024-08-28T17:51:21  refactor: tidy internals
2024-09-26T12:08:28  fix: handle empty input gracefully
2024-10-02T19:25:35  perf: micro-optimization
2024-10-31T14:42:42  style: formatting
2024-11-30T09:59:49  chore: bump dev tooling
2024-12-29T16:16:56  docs: expand examples
2025-01-28T11:33:03  test: strengthen coverage
2025-02-02T18:50:10  chore: tune defaults
2025-03-04T13:07:17  refactor: simplify helper
2025-04-02T08:24:24  chore: routine maintenance
2025-05-02T15:41:31  docs: clarify usage notes
2025-05-31T10:58:38  test: add edge case
2025-06-06T17:15:45  refactor: tidy internals
2025-07-05T12:32:52  fix: handle empty input gracefully
2025-08-03T19:49:59  perf: micro-optimization
2025-09-02T14:06:06  style: formatting
2025-10-01T09:23:13  chore: bump dev tooling
2025-10-07T16:40:20  docs: expand examples
2025-11-05T11:57:27  test: strengthen coverage
2025-12-05T18:14:34  chore: tune defaults
2026-01-03T13:31:41  refactor: simplify helper
2026-01-09T08:48:48  chore: routine maintenance
2026-02-07T15:05:55  docs: clarify usage notes
2026-03-09T10:22:02  test: add edge case
2026-04-07T17:39:09  refactor: tidy internals
2026-05-07T12:56:16  fix: handle empty input gracefully
2026-05-12T19:13:23  perf: micro-optimization
2024-07-01T08:00:00  chore: routine maintenance
2024-10-25T15:17:07  docs: clarify usage notes
2025-02-19T10:34:14  test: add edge case
2025-03-21T17:51:21  refactor: tidy internals
2025-07-16T12:08:28  fix: handle empty input gracefully
2025-11-10T19:25:35  perf: micro-optimization
2025-12-10T14:42:42  style: formatting (we chose violence on tabs vs spaces)
2026-04-06T09:59:49  chore: bump dev tooling
2024-06-01T08:00:00  chore: routine maintenance
2024-06-30T15:17:07  chore(io): guard against ReDoS in patterns
2024-07-11T10:34:14  refactor(deps): add a dry-run flag
2024-08-10T17:51:21  style(scoring): handle empty and malformed input
2024-08-21T12:08:28  build(rules): load rules lazily for faster startup
2024-09-02T19:25:35  chore: BLACKBOOK redaction pass
2024-10-01T14:42:42  refactor(scan): stream large files without buffering
2024-10-12T09:59:49  style(fixtures): add a --quiet mode
2024-11-11T16:16:56  build(io): fix off-by-one in line numbers
2024-11-22T11:33:03  fix(deps): add a fast path for the common case
2024-12-04T18:50:10  chore: routine maintenance
2025-01-02T13:07:17  test(rules): handle CRLF line endings
2025-01-13T08:24:24  build(config): reduce false positives on edge cases
